<?xml version="1.0" encoding="UTF-8"?>
<!-- Generated by org.testng.reporters.JUnitReportReporter -->
<testsuite hostname="DeshmukH" failures="0" tests="1" name="MainE2E.HomePage" time="16.096" errors="0" timestamp="2022-04-07T18:19:39 IST" skipped="0">
  <testcase classname="MainE2E.HomePage" name="HomePageNavigation" time="16.096"/>
  <system-out/>
</testsuite> <!-- MainE2E.HomePage -->
