<?xml version="1.0" encoding="UTF-8"?>
<!-- Generated by org.testng.reporters.JUnitReportReporter -->
<testsuite hostname="DeshmukH" failures="0" tests="2" name="MainE2E.HomePage" time="72.007" errors="0" timestamp="2022-04-11T17:59:34 IST" skipped="0">
  <testcase classname="MainE2E.HomePage" name="HomePageNavigation" time="52.341"/>
  <system-out/>
  <testcase classname="MainE2E.HomePage" name="HomePageNavigation" time="19.666"/>
  <system-out/>
</testsuite> <!-- MainE2E.HomePage -->
